main/build/outputs/logs/manifest-merger-normal-debug-report.txt
-- Merging decision tree log ---
manifest
ADDED from src\main\AndroidManifest.xml:8:1-250:12
	package
		ADDED from src\main\AndroidManifest.xml:10:5-32
	android:versionName
		INJECTED from src\main\AndroidManifest.xml
		INJECTED from src\main\AndroidManifest.xml
	xmlns:tools
		ADDED from src\main\AndroidManifest.xml:9:5-51
	xmlns:android
		ADDED from src\main\AndroidManifest.xml:8:11-69
	android:versionCode
		INJECTED from src\main\AndroidManifest.xml
		INJECTED from src\main\AndroidManifest.xml
uses-permission#android.permission.INTERNET
ADDED from src\main\AndroidManifest.xml:12:5-67
	android:name
		ADDED from src\main\AndroidManifest.xml:12:22-64
uses-permission#android.permission.ACCESS_NETWORK_STATE
ADDED from src\main\AndroidManifest.xml:13:5-79
	android:name
		ADDED from src\main\AndroidManifest.xml:13:22-76
uses-permission#android.permission.RECEIVE_BOOT_COMPLETED
ADDED from src\main\AndroidManifest.xml:15:5-81
	android:name
		ADDED from src\main\AndroidManifest.xml:15:22-78
uses-permission#android.permission.READ_EXTERNAL_STORAGE
ADDED from src\main\AndroidManifest.xml:16:5-80
	android:name
		ADDED from src\main\AndroidManifest.xml:16:22-77
uses-permission#android.permission.USER_VPN_PERMISSION
ADDED from src\main\AndroidManifest.xml:17:5-78
	android:name
		ADDED from src\main\AndroidManifest.xml:17:22-75
uses-permission#android.permission.ACCESS_WIFI_STATE
ADDED from src\main\AndroidManifest.xml:18:5-76
	android:name
		ADDED from src\main\AndroidManifest.xml:18:22-73
uses-feature#android.software.leanback
ADDED from src\main\AndroidManifest.xml:24:5-26:36
	android:required
		ADDED from src\main\AndroidManifest.xml:26:9-33
	android:name
		ADDED from src\main\AndroidManifest.xml:25:9-49
uses-feature#android.hardware.touchscreen
ADDED from src\main\AndroidManifest.xml:27:5-29:36
	android:required
		ADDED from src\main\AndroidManifest.xml:29:9-33
	android:name
		ADDED from src\main\AndroidManifest.xml:28:9-52
application
ADDED from src\main\AndroidManifest.xml:31:5-248:19
MERGED from [com.android.support:cardview-v7:25.4.0] AndroidManifest.xml:22:5-26:19
MERGED from [com.android.support:recyclerview-v7:25.4.0] AndroidManifest.xml:22:5-26:19
MERGED from [com.android.support:support-core-ui:25.4.0] AndroidManifest.xml:25:5-29:19
MERGED from [com.android.support:support-compat:25.4.0] AndroidManifest.xml:25:5-29:19
MERGED from [com.android.support.constraint:constraint-layout:1.0.2] AndroidManifest.xml:9:5-20
	android:screenOrientation
		ADDED from src\main\AndroidManifest.xml:39:9-45
	android:label
		ADDED from src\main\AndroidManifest.xml:36:9-36
	android:supportsRtl
		ADDED from src\main\AndroidManifest.xml:37:9-35
	tools:ignore
		ADDED from src\main\AndroidManifest.xml:40:9-39
	android:allowBackup
		ADDED from src\main\AndroidManifest.xml:33:9-35
	android:icon
		ADDED from src\main\AndroidManifest.xml:35:9-43
	android:banner
		ADDED from src\main\AndroidManifest.xml:34:9-43
	android:theme
		ADDED from src\main\AndroidManifest.xml:38:9-38
	android:name
		ADDED from src\main\AndroidManifest.xml:32:9-51
activity#de.blinkt.openvpn.activities.VPNPreferences
ADDED from src\main\AndroidManifest.xml:41:9-44:57
	android:exported
		ADDED from src\main\AndroidManifest.xml:43:13-37
	android:windowSoftInputMode
		ADDED from src\main\AndroidManifest.xml:44:13-54
	android:name
		ADDED from src\main\AndroidManifest.xml:42:13-54
activity#de.blinkt.openvpn.activities.DisconnectVPN
ADDED from src\main\AndroidManifest.xml:46:9-52:52
	android:excludeFromRecents
		ADDED from src\main\AndroidManifest.xml:49:13-46
	android:autoRemoveFromRecents
		ADDED from src\main\AndroidManifest.xml:48:13-49
	android:noHistory
		ADDED from src\main\AndroidManifest.xml:50:13-37
	android:theme
		ADDED from src\main\AndroidManifest.xml:52:13-49
	android:taskAffinity
		ADDED from src\main\AndroidManifest.xml:51:13-50
	android:name
		ADDED from src\main\AndroidManifest.xml:47:13-53
activity#de.blinkt.openvpn.activities.LogWindow
ADDED from src\main\AndroidManifest.xml:54:9-58:47
	android:label
		ADDED from src\main\AndroidManifest.xml:57:13-40
	android:launchMode
		ADDED from src\main\AndroidManifest.xml:58:13-44
	android:allowTaskReparenting
		ADDED from src\main\AndroidManifest.xml:56:13-48
	android:name
		ADDED from src\main\AndroidManifest.xml:55:13-49
activity#de.blinkt.openvpn.activities.FileSelect
ADDED from src\main\AndroidManifest.xml:60:9-59
	android:name
		ADDED from src\main\AndroidManifest.xml:60:19-56
activity#a8vg.sdxess.MainActivity
ADDED from src\main\AndroidManifest.xml:78:9-87:20
	android:screenOrientation
		ADDED from src\main\AndroidManifest.xml:80:13-49
	android:theme
		ADDED from src\main\AndroidManifest.xml:81:13-81
	android:name
		ADDED from src\main\AndroidManifest.xml:79:13-52
intent-filter#android.intent.action.MAIN+android.intent.category.LAUNCHER
ADDED from src\main\AndroidManifest.xml:82:13-86:29
action#android.intent.action.MAIN
ADDED from src\main\AndroidManifest.xml:83:17-69
	android:name
		ADDED from src\main\AndroidManifest.xml:83:25-66
category#android.intent.category.LAUNCHER
ADDED from src\main\AndroidManifest.xml:85:17-77
	android:name
		ADDED from src\main\AndroidManifest.xml:85:27-74
service#de.blinkt.openvpn.core.OpenVPNService
ADDED from src\main\AndroidManifest.xml:89:9-97:19
	android:process
		ADDED from src\main\AndroidManifest.xml:91:13-39
	android:permission
		ADDED from src\main\AndroidManifest.xml:92:13-69
	android:name
		ADDED from src\main\AndroidManifest.xml:90:13-48
intent-filter#android.net.VpnService
ADDED from src\main\AndroidManifest.xml:93:13-95:29
action#android.net.VpnService
ADDED from src\main\AndroidManifest.xml:94:17-65
	android:name
		ADDED from src\main\AndroidManifest.xml:94:25-62
service#de.blinkt.openvpn.api.ExternalOpenVPNService
ADDED from src\main\AndroidManifest.xml:99:9-107:19
	android:process
		ADDED from src\main\AndroidManifest.xml:101:13-39
	tools:ignore
		ADDED from src\main\AndroidManifest.xml:102:13-43
	android:name
		ADDED from src\main\AndroidManifest.xml:100:13-55
intent-filter#de.blinkt.openvpn.api.IOpenVPNAPIService
ADDED from src\main\AndroidManifest.xml:104:13-106:29
action#de.blinkt.openvpn.api.IOpenVPNAPIService
ADDED from src\main\AndroidManifest.xml:105:17-83
	android:name
		ADDED from src\main\AndroidManifest.xml:105:25-80
service#de.blinkt.openvpn.core.OpenVPNStatusService
ADDED from src\main\AndroidManifest.xml:109:9-111:40
	android:process
		ADDED from src\main\AndroidManifest.xml:110:13-39
	android:exported
		ADDED from src\main\AndroidManifest.xml:111:13-37
	android:name
		ADDED from src\main\AndroidManifest.xml:109:18-59
service#de.blinkt.openvpn.OpenVPNTileService
ADDED from src\main\AndroidManifest.xml:114:9-125:19
	android:label
		ADDED from src\main\AndroidManifest.xml:117:13-45
	android:permission
		ADDED from src\main\AndroidManifest.xml:119:13-77
	android:icon
		ADDED from src\main\AndroidManifest.xml:118:13-46
	android:value
		ADDED from src\main\AndroidManifest.xml:116:13-33
	android:name
		ADDED from src\main\AndroidManifest.xml:115:13-47
intent-filter#android.service.quicksettings.action.QS_TILE
ADDED from src\main\AndroidManifest.xml:120:13-122:29
action#android.service.quicksettings.action.QS_TILE
ADDED from src\main\AndroidManifest.xml:121:17-87
	android:name
		ADDED from src\main\AndroidManifest.xml:121:25-84
meta-data#android.service.quicksettings.ACTIVE_TILE
ADDED from src\main\AndroidManifest.xml:123:13-124:41
	android:value
		ADDED from src\main\AndroidManifest.xml:124:17-38
	android:name
		ADDED from src\main\AndroidManifest.xml:123:24-80
activity#de.blinkt.openvpn.api.GrantPermissionsActivity
ADDED from src\main\AndroidManifest.xml:127:9-131:20
	android:name
		ADDED from src\main\AndroidManifest.xml:127:19-63
intent-filter#android.intent.action.MAIN
ADDED from src\main\AndroidManifest.xml:128:13-130:29
activity#de.blinkt.openvpn.api.ConfirmDialog
ADDED from src\main\AndroidManifest.xml:132:9-136:20
	android:name
		ADDED from src\main\AndroidManifest.xml:132:19-52
receiver#de.blinkt.openvpn.OnBootReceiver
ADDED from src\main\AndroidManifest.xml:138:9-144:20
	android:name
		ADDED from src\main\AndroidManifest.xml:138:19-49
intent-filter#android.intent.action.BOOT_COMPLETED+android.intent.action.MY_PACKAGE_REPLACED
ADDED from src\main\AndroidManifest.xml:139:13-143:29
	android:priority
		ADDED from src\main\AndroidManifest.xml:139:28-50
action#android.intent.action.BOOT_COMPLETED
ADDED from src\main\AndroidManifest.xml:140:17-79
	android:name
		ADDED from src\main\AndroidManifest.xml:140:25-76
action#android.intent.action.MY_PACKAGE_REPLACED
ADDED from src\main\AndroidManifest.xml:141:17-84
	android:name
		ADDED from src\main\AndroidManifest.xml:141:25-81
activity#de.blinkt.openvpn.activities.ConfigConverter
ADDED from src\main\AndroidManifest.xml:146:9-188:20
	android:label
		ADDED from src\main\AndroidManifest.xml:149:13-48
	android:excludeFromRecents
		ADDED from src\main\AndroidManifest.xml:148:13-46
	tools:ignore
		ADDED from src\main\AndroidManifest.xml:152:13-44
	android:uiOptions
		ADDED from src\main\AndroidManifest.xml:151:13-57
	android:taskAffinity
		ADDED from src\main\AndroidManifest.xml:150:13-52
	android:name
		ADDED from src\main\AndroidManifest.xml:147:13-55
intent-filter#android.intent.action.VIEW+android.intent.category.BROWSABLE+android.intent.category.DEFAULT
ADDED from src\main\AndroidManifest.xml:153:13-161:29
	android:label
		ADDED from src\main\AndroidManifest.xml:153:28-65
	tools:ignore
		ADDED from src\main\AndroidManifest.xml:154:17-47
action#android.intent.action.VIEW
ADDED from src\main\AndroidManifest.xml:155:17-69
	android:name
		ADDED from src\main\AndroidManifest.xml:155:25-66
category#android.intent.category.DEFAULT
ADDED from src\main\AndroidManifest.xml:157:17-76
	android:name
		ADDED from src\main\AndroidManifest.xml:157:27-73
category#android.intent.category.BROWSABLE
ADDED from src\main\AndroidManifest.xml:158:17-78
	android:name
		ADDED from src\main\AndroidManifest.xml:158:27-75
data
ADDED from src\main\AndroidManifest.xml:160:17-74
	android:mimeType
		ADDED from src\main\AndroidManifest.xml:160:23-71
activity#de.blinkt.openvpn.LaunchVPN
ADDED from src\main\AndroidManifest.xml:189:9-202:20
	android:label
		ADDED from src\main\AndroidManifest.xml:193:13-53
	android:excludeFromRecents
		ADDED from src\main\AndroidManifest.xml:192:13-46
	android:autoRemoveFromRecents
		ADDED from src\main\AndroidManifest.xml:191:13-49
	tools:ignore
		ADDED from src\main\AndroidManifest.xml:196:13-44
	android:theme
		ADDED from src\main\AndroidManifest.xml:195:13-49
	android:taskAffinity
		ADDED from src\main\AndroidManifest.xml:194:13-46
	android:name
		ADDED from src\main\AndroidManifest.xml:190:13-38
intent-filter#android.intent.action.MAIN+android.intent.category.DEFAULT
ADDED from src\main\AndroidManifest.xml:197:13-201:29
activity#de.blinkt.openvpn.activities.CreateShortcuts
ADDED from src\main\AndroidManifest.xml:221:9-231:20
	android:label
		ADDED from src\main\AndroidManifest.xml:224:13-49
	android:excludeFromRecents
		ADDED from src\main\AndroidManifest.xml:223:13-46
	android:theme
		ADDED from src\main\AndroidManifest.xml:226:13-85
	android:taskAffinity
		ADDED from src\main\AndroidManifest.xml:225:13-52
	android:name
		ADDED from src\main\AndroidManifest.xml:222:13-55
intent-filter#android.intent.action.CREATE_SHORTCUT+android.intent.category.DEFAULT
ADDED from src\main\AndroidManifest.xml:227:13-230:29
action#android.intent.action.CREATE_SHORTCUT
ADDED from src\main\AndroidManifest.xml:228:17-80
	android:name
		ADDED from src\main\AndroidManifest.xml:228:25-77
provider#de.blinkt.openvpn.FileProvider
ADDED from src\main\AndroidManifest.xml:233:9-238:54
	android:authorities
		ADDED from src\main\AndroidManifest.xml:235:13-65
	android:grantUriPermissions
		ADDED from src\main\AndroidManifest.xml:237:13-47
	android:exported
		ADDED from src\main\AndroidManifest.xml:236:13-36
	tools:ignore
		ADDED from src\main\AndroidManifest.xml:238:13-51
	android:name
		ADDED from src\main\AndroidManifest.xml:234:13-41
uses-sdk
INJECTED from src\main\AndroidManifest.xml reason: use-sdk injection requested
MERGED from [com.android.support:cardview-v7:25.4.0] AndroidManifest.xml:20:5-43
MERGED from [com.android.support:recyclerview-v7:25.4.0] AndroidManifest.xml:20:5-43
MERGED from [com.android.support:support-core-ui:25.4.0] AndroidManifest.xml:21:5-23:58
MERGED from [com.android.support:support-compat:25.4.0] AndroidManifest.xml:21:5-23:58
MERGED from [com.android.support.constraint:constraint-layout:1.0.2] AndroidManifest.xml:5:5-7:41
MERGED from [pl.droidsonroids.gif:android-gif-drawable:1.1.7] AndroidManifest.xml:6:5-8:41
	tools:overrideLibrary
		ADDED from [com.android.support:support-core-ui:25.4.0] AndroidManifest.xml:23:9-55
	android:targetSdkVersion
		INJECTED from src\main\AndroidManifest.xml
		INJECTED from src\main\AndroidManifest.xml
	android:minSdkVersion
		INJECTED from src\main\AndroidManifest.xml
		INJECTED from src\main\AndroidManifest.xml
meta-data#android.support.VERSION
ADDED from [com.android.support:cardview-v7:25.4.0] AndroidManifest.xml:23:9-25:38
MERGED from [com.android.support:recyclerview-v7:25.4.0] AndroidManifest.xml:23:9-25:38
MERGED from [com.android.support:support-core-ui:25.4.0] AndroidManifest.xml:26:9-28:38
MERGED from [com.android.support:support-compat:25.4.0] AndroidManifest.xml:26:9-28:38
	android:value
		ADDED from [com.android.support:cardview-v7:25.4.0] AndroidManifest.xml:25:13-35
	android:name
		ADDED from [com.android.support:cardview-v7:25.4.0] AndroidManifest.xml:24:13-51